<?xml version="1.0" encoding="UTF-8"?>
<!-- Generated by org.testng.reporters.JUnitReportReporter -->
<testsuite skipped="0" hostname="Monica-PC" name="cucumberOptions.TestRunner" tests="3" failures="0" timestamp="13 Jun 2019 09:47:25 GMT" time="68.529" errors="0">
  <testcase name="feature" time="23.246" classname="cucumberOptions.TestRunner"/>
  <testcase name="feature" time="27.751" classname="cucumberOptions.TestRunner"/>
  <testcase name="feature" time="17.532" classname="cucumberOptions.TestRunner"/>
</testsuite> <!-- cucumberOptions.TestRunner -->
